java.sql.SQLException: Column 'iUserType' not found.
	at com.mysql.jdbc.SQLError.createSQLException(SQLError.java:910)
	at com.mysql.jdbc.ResultSet.findColumn(ResultSet.java:987)
	at com.mysql.jdbc.ResultSet.getString(ResultSet.java:5584)
	at _jsp._dologin__jsp._jspService(_dologin__jsp.java:64)
	at com.caucho.jsp.JavaPage.service(JavaPage.java:60)
	at com.caucho.jsp.Page.pageservice(Page.java:570)
	at com.caucho.server.dispatch.PageFilterChain.doFilter(PageFilterChain.java:179)
	at com.caucho.server.webapp.WebAppFilterChain.doFilter(WebAppFilterChain.java:173)
	at com.caucho.server.dispatch.ServletInvocation.service(ServletInvocation.java:229)
	at com.caucho.server.http.HttpRequest.handleRequest(HttpRequest.java:274)
	at com.caucho.server.port.TcpConnection.run(TcpConnection.java:511)
	at com.caucho.util.ThreadPool.runTasks(ThreadPool.java:516)
	at com.caucho.util.ThreadPool.run(ThreadPool.java:442)
	at java.lang.Thread.run(Thread.java:595)
java.sql.SQLException: Column 'iUserType' not found.
	at com.mysql.jdbc.SQLError.createSQLException(SQLError.java:910)
	at com.mysql.jdbc.ResultSet.findColumn(ResultSet.java:987)
	at com.mysql.jdbc.ResultSet.getString(ResultSet.java:5584)
	at _jsp._dologin__jsp._jspService(_dologin__jsp.java:64)
	at com.caucho.jsp.JavaPage.service(JavaPage.java:60)
	at com.caucho.jsp.Page.pageservice(Page.java:570)
	at com.caucho.server.dispatch.PageFilterChain.doFilter(PageFilterChain.java:179)
	at com.caucho.server.webapp.WebAppFilterChain.doFilter(WebAppFilterChain.java:173)
	at com.caucho.server.dispatch.ServletInvocation.service(ServletInvocation.java:229)
	at com.caucho.server.http.HttpRequest.handleRequest(HttpRequest.java:274)
	at com.caucho.server.port.TcpConnection.run(TcpConnection.java:511)
	at com.caucho.util.ThreadPool.runTasks(ThreadPool.java:516)
	at com.caucho.util.ThreadPool.run(ThreadPool.java:442)
	at java.lang.Thread.run(Thread.java:595)
java.sql.SQLException: Column 'iUserType' not found.
	at com.mysql.jdbc.SQLError.createSQLException(SQLError.java:910)
	at com.mysql.jdbc.ResultSet.findColumn(ResultSet.java:987)
	at com.mysql.jdbc.ResultSet.getString(ResultSet.java:5584)
	at _jsp._dologin__jsp._jspService(_dologin__jsp.java:61)
	at com.caucho.jsp.JavaPage.service(JavaPage.java:60)
	at com.caucho.jsp.Page.pageservice(Page.java:570)
	at com.caucho.server.dispatch.PageFilterChain.doFilter(PageFilterChain.java:179)
	at com.caucho.server.webapp.WebAppFilterChain.doFilter(WebAppFilterChain.java:173)
	at com.caucho.server.dispatch.ServletInvocation.service(ServletInvocation.java:229)
	at com.caucho.server.http.HttpRequest.handleRequest(HttpRequest.java:274)
	at com.caucho.server.port.TcpConnection.run(TcpConnection.java:511)
	at com.caucho.util.ThreadPool.runTasks(ThreadPool.java:516)
	at com.caucho.util.ThreadPool.run(ThreadPool.java:442)
	at java.lang.Thread.run(Thread.java:595)
java.sql.SQLException: Column 'iUserType' not found.
	at com.mysql.jdbc.SQLError.createSQLException(SQLError.java:910)
	at com.mysql.jdbc.ResultSet.findColumn(ResultSet.java:987)
	at com.mysql.jdbc.ResultSet.getString(ResultSet.java:5584)
	at _jsp._dologin__jsp._jspService(_dologin__jsp.java:61)
	at com.caucho.jsp.JavaPage.service(JavaPage.java:60)
	at com.caucho.jsp.Page.pageservice(Page.java:570)
	at com.caucho.server.dispatch.PageFilterChain.doFilter(PageFilterChain.java:179)
	at com.caucho.server.webapp.WebAppFilterChain.doFilter(WebAppFilterChain.java:173)
	at com.caucho.server.dispatch.ServletInvocation.service(ServletInvocation.java:229)
	at com.caucho.server.http.HttpRequest.handleRequest(HttpRequest.java:274)
	at com.caucho.server.port.TcpConnection.run(TcpConnection.java:511)
	at com.caucho.util.ThreadPool.runTasks(ThreadPool.java:516)
	at com.caucho.util.ThreadPool.run(ThreadPool.java:442)
	at java.lang.Thread.run(Thread.java:595)
java.sql.SQLException: Column 'iUserType' not found.
	at com.mysql.jdbc.SQLError.createSQLException(SQLError.java:910)
	at com.mysql.jdbc.ResultSet.findColumn(ResultSet.java:987)
	at com.mysql.jdbc.ResultSet.getString(ResultSet.java:5584)
	at _jsp._dologin__jsp._jspService(_dologin__jsp.java:61)
	at com.caucho.jsp.JavaPage.service(JavaPage.java:60)
	at com.caucho.jsp.Page.pageservice(Page.java:570)
	at com.caucho.server.dispatch.PageFilterChain.doFilter(PageFilterChain.java:179)
	at com.caucho.server.webapp.WebAppFilterChain.doFilter(WebAppFilterChain.java:173)
	at com.caucho.server.dispatch.ServletInvocation.service(ServletInvocation.java:229)
	at com.caucho.server.http.HttpRequest.handleRequest(HttpRequest.java:274)
	at com.caucho.server.port.TcpConnection.run(TcpConnection.java:511)
	at com.caucho.util.ThreadPool.runTasks(ThreadPool.java:516)
	at com.caucho.util.ThreadPool.run(ThreadPool.java:442)
	at java.lang.Thread.run(Thread.java:595)
java.sql.SQLException: Column 'iUserType' not found.
	at com.mysql.jdbc.SQLError.createSQLException(SQLError.java:910)
	at com.mysql.jdbc.ResultSet.findColumn(ResultSet.java:987)
	at com.mysql.jdbc.ResultSet.getString(ResultSet.java:5584)
	at _jsp._dologin__jsp._jspService(_dologin__jsp.java:61)
	at com.caucho.jsp.JavaPage.service(JavaPage.java:60)
	at com.caucho.jsp.Page.pageservice(Page.java:570)
	at com.caucho.server.dispatch.PageFilterChain.doFilter(PageFilterChain.java:179)
	at com.caucho.server.webapp.WebAppFilterChain.doFilter(WebAppFilterChain.java:173)
	at com.caucho.server.dispatch.ServletInvocation.service(ServletInvocation.java:229)
	at com.caucho.server.http.HttpRequest.handleRequest(HttpRequest.java:274)
	at com.caucho.server.port.TcpConnection.run(TcpConnection.java:511)
	at com.caucho.util.ThreadPool.runTasks(ThreadPool.java:516)
	at com.caucho.util.ThreadPool.run(ThreadPool.java:442)
	at java.lang.Thread.run(Thread.java:595)
